<?xml version="1.0" encoding="UTF-8"?>
<testsuite xmlns:xsi="http://www.w3.org/2001/XMLSchema-instance" xsi:noNamespaceSchemaLocation="https://maven.apache.org/surefire/maven-surefire-plugin/xsd/surefire-test-report.xsd" version="3.0.2" name="io.joshuasalcedo.commonlibs.CommonLibraryApplicationTest" time="3.055" tests="1" errors="0" skipped="0" failures="0">
  <properties>
[...]
</properties>
  <testcase name="contextLoads" classname="io.joshuasalcedo.commonlibs.CommonLibraryApplicationTest" time="0.502">
    <system-out><![CDATA[03:07:03.157 [main] INFO org.springframework.test.context.support.AnnotationConfigContextLoaderUtils -- Could not detect default configuration classes for test class [io.joshuasalcedo.commonlibs.CommonLibraryApplicationTest]: CommonLibraryApplicationTest does not declare any static, non-private, non-final, nested classes annotated with @Configuration.
03:07:03.236 [main] INFO org.springframework.boot.test.context.SpringBootTestContextBootstrapper -- Found @SpringBootConfiguration io.joshuasalcedo.commonlibs.CommonLibraryApplication for test class io.joshuasalcedo.commonlibs.CommonLibraryApplicationTest

 ███████╗    ██╗    ██╗     █████╗     ███████╗    ██╗    ██╗     █████╗
██╔════╝    ██║    ██║    ██╔══██╗    ██╔════╝    ██║    ██║    ██╔══██╗
███████╗    ██║ █╗ ██║    ███████║    ███████╗    ██║ █╗ ██║    ███████║
╚════██║    ██║███╗██║    ██╔══██║    ╚════██║    ██║███╗██║    ██╔══██║
███████║    ╚███╔███╔╝    ██║  ██║    ███████║    ╚███╔███╔╝    ██║  ██║
╚══════╝     ╚══╝╚══╝     ╚═╝  ╚═╝    ╚══════╝     ╚══╝╚══╝     ╚═╝  ╚═╝

Application Name: common-library
Application Version: 0.0.1
 :: Spring Boot (v3.4.5) :: 






2025-04-29T03:07:03.529+08:00  INFO 931039 --- [common-library] [           main] i.j.c.CommonLibraryApplicationTest       : Starting CommonLibraryApplicationTest v0.0.1 using Java 21.0.2 with PID 931039 (started by swa in /home/swa/IMPORTANT/microservice/common-library)
2025-04-29T03:07:03.530+08:00  INFO 931039 --- [common-library] [           main] i.j.c.CommonLibraryApplicationTest       : No active profile set, falling back to 1 default profile: "default"
2025-04-29T03:07:04.146+08:00  INFO 931039 --- [common-library] [           main] .s.d.r.c.RepositoryConfigurationDelegate : Bootstrapping Spring Data JPA repositories in DEFAULT mode.
2025-04-29T03:07:04.164+08:00  INFO 931039 --- [common-library] [           main] .s.d.r.c.RepositoryConfigurationDelegate : Finished Spring Data repository scanning in 11 ms. Found 0 JPA repository interfaces.
2025-04-29T03:07:04.424+08:00  INFO 931039 --- [common-library] [           main] com.zaxxer.hikari.HikariDataSource       : HikariPool-1 - Starting...
2025-04-29T03:07:04.564+08:00  INFO 931039 --- [common-library] [           main] com.zaxxer.hikari.pool.HikariPool        : HikariPool-1 - Added connection conn0: url=jdbc:h2:mem:5a9e3ca6-88d8-44ae-b1bc-6de0c6c3ed67 user=SA
2025-04-29T03:07:04.565+08:00  INFO 931039 --- [common-library] [           main] com.zaxxer.hikari.HikariDataSource       : HikariPool-1 - Start completed.
2025-04-29T03:07:04.598+08:00  INFO 931039 --- [common-library] [           main] o.hibernate.jpa.internal.util.LogHelper  : HHH000204: Processing PersistenceUnitInfo [name: default]
2025-04-29T03:07:04.631+08:00  INFO 931039 --- [common-library] [           main] org.hibernate.Version                    : HHH000412: Hibernate ORM core version 6.6.13.Final
2025-04-29T03:07:04.651+08:00  INFO 931039 --- [common-library] [           main] o.h.c.internal.RegionFactoryInitiator    : HHH000026: Second-level cache disabled
2025-04-29T03:07:04.815+08:00  INFO 931039 --- [common-library] [           main] o.s.o.j.p.SpringPersistenceUnitInfo      : No LoadTimeWeaver setup: ignoring JPA class transformer
2025-04-29T03:07:04.862+08:00  INFO 931039 --- [common-library] [           main] org.hibernate.orm.connections.pooling    : HHH10001005: Database info:
	Database JDBC URL [Connecting through datasource 'HikariDataSource (HikariPool-1)']
	Database driver: undefined/unknown
	Database version: 2.3.232
	Autocommit mode: undefined/unknown
	Isolation level: undefined/unknown
	Minimum pool size: undefined/unknown
	Maximum pool size: undefined/unknown
2025-04-29T03:07:05.078+08:00  INFO 931039 --- [common-library] [           main] o.h.e.t.j.p.i.JtaPlatformInitiator       : HHH000489: No JTA platform available (set 'hibernate.transaction.jta.platform' to enable JTA platform integration)
2025-04-29T03:07:05.082+08:00  INFO 931039 --- [common-library] [           main] j.LocalContainerEntityManagerFactoryBean : Initialized JPA EntityManagerFactory for persistence unit 'default'
2025-04-29T03:07:05.256+08:00  WARN 931039 --- [common-library] [           main] JpaBaseConfiguration$JpaWebConfiguration : spring.jpa.open-in-view is enabled by default. Therefore, database queries may be performed during view rendering. Explicitly configure spring.jpa.open-in-view to disable this warning
2025-04-29T03:07:05.602+08:00  INFO 931039 --- [common-library] [           main] i.j.c.CommonLibraryApplicationTest       : Started CommonLibraryApplicationTest in 2.261 seconds (process running for 2.945)
]]></system-out>
    <system-err><![CDATA[Mockito is currently self-attaching to enable the inline-mock-maker. This will no longer work in future releases of the JDK. Please add Mockito as an agent to your build what is described in Mockito's documentation: https://javadoc.io/doc/org.mockito/mockito-core/latest/org/mockito/Mockito.html#0.3
WARNING: A Java agent has been loaded dynamically (/home/swa/.m2/repository/net/bytebuddy/byte-buddy-agent/1.15.11/byte-buddy-agent-1.15.11.jar)
WARNING: If a serviceability tool is in use, please run with -XX:+EnableDynamicAgentLoading to hide this warning
WARNING: If a serviceability tool is not in use, please run with -Djdk.instrument.traceUsage for more information
WARNING: Dynamic loading of agents will be disallowed by default in a future release
]]></system-err>
  </testcase>
</testsuite>